# JRE version: Java(TM) SE Runtime Environment (18.0.2.1+1) (build 18.0.2.1+1-1)
# Java VM: Java HotSpot(TM) 64-Bit Server VM (18.0.2.1+1-1, mixed mode, sharing, tiered, compressed oops, compressed class ptrs, g1 gc, windows-amd64)
GC Precious Log:
 CardTable entry size: 512
 Card Set container configuration: InlinePtr #cards 5 size 8 Array Of Cards #cards 12 size 40 Howl #buckets 4 coarsen threshold 1843 Howl Bitmap #cards 512 size 80 coarsen threshold 460 Card regions per heap region 1 cards per card region 2048
 CPUs: 8 total, 8 available
 Memory: 7953M
 Large Page Support: Disabled
 NUMA Support: Disabled
 Compressed Oops: Enabled (32-bit)
 Heap Region Size: 1M
 Heap Min Capacity: 8M
 Heap Initial Capacity: 126M
 Heap Max Capacity: 2G
 Pre-touch: Disabled
 Parallel Workers: 8
 Concurrent Workers: 2
 Concurrent Refinement Workers: 8
 Periodic GC: Disabled
Heap:
 garbage-first heap   total 102400K, used 73499K [0x0000000080000000, 0x0000000100000000)
  region size 1024K, 19 young (19456K), 3 survivors (3072K)
 Metaspace       used 59729K, committed 61568K, reserved 487424K
  class space    used 8503K, committed 9472K, reserved 421888K
GC Heap History (20 events):
Event: 13.620 GC heap before
{Heap before GC invocations=11 (full 0):
 garbage-first heap   total 81920K, used 35912K [0x0000000080000000, 0x0000000100000000)
  region size 1024K, 5 young (5120K), 4 survivors (4096K)
 Metaspace       used 37767K, committed 39104K, reserved 487424K
  class space    used 5295K, committed 5952K, reserved 421888K
}
Event: 13.626 GC heap after
{Heap after GC invocations=12 (full 0):
 garbage-first heap   total 81920K, used 34628K [0x0000000080000000, 0x0000000100000000)
  region size 1024K, 1 young (1024K), 1 survivors (1024K)
 Metaspace       used 37767K, committed 39104K, reserved 487424K
  class space    used 5295K, committed 5952K, reserved 421888K
}
Event: 14.382 GC heap before
{Heap before GC invocations=12 (full 0):
 garbage-first heap   total 81920K, used 63300K [0x0000000080000000, 0x0000000100000000)
  region size 1024K, 28 young (28672K), 1 survivors (1024K)
 Metaspace       used 40157K, committed 41600K, reserved 487424K
  class space    used 5586K, committed 6336K, reserved 421888K
}
Event: 14.385 GC heap after
{Heap after GC invocations=13 (full 0):
 garbage-first heap   total 81920K, used 35462K [0x0000000080000000, 0x0000000100000000)
  region size 1024K, 2 young (2048K), 2 survivors (2048K)
 Metaspace       used 40157K, committed 41600K, reserved 487424K
  class space    used 5586K, committed 6336K, reserved 421888K
}
Event: 15.315 GC heap before
{Heap before GC invocations=13 (full 0):
 garbage-first heap   total 81920K, used 63110K [0x0000000080000000, 0x0000000100000000)
  region size 1024K, 30 young (30720K), 2 survivors (2048K)
 Metaspace       used 43451K, committed 44992K, reserved 487424K
  class space    used 6089K, committed 6912K, reserved 421888K
}
Event: 15.319 GC heap after
{Heap after GC invocations=14 (full 0):
 garbage-first heap   total 81920K, used 36535K [0x0000000080000000, 0x0000000100000000)
  region size 1024K, 3 young (3072K), 3 survivors (3072K)
 Metaspace       used 43451K, committed 44992K, reserved 487424K
  class space    used 6089K, committed 6912K, reserved 421888K
}
Event: 16.431 GC heap before
{Heap before GC invocations=14 (full 0):
 garbage-first heap   total 81920K, used 65207K [0x0000000080000000, 0x0000000100000000)
  region size 1024K, 31 young (31744K), 3 survivors (3072K)
 Metaspace       used 46785K, committed 48384K, reserved 487424K
  class space    used 6622K, committed 7424K, reserved 421888K
}
Event: 16.436 GC heap after
{Heap after GC invocations=15 (full 0):
 garbage-first heap   total 81920K, used 38489K [0x0000000080000000, 0x0000000100000000)
  region size 1024K, 3 young (3072K), 3 survivors (3072K)
 Metaspace       used 46785K, committed 48384K, reserved 487424K
  class space    used 6622K, committed 7424K, reserved 421888K
}
Event: 17.680 GC heap before
{Heap before GC invocations=15 (full 0):
 garbage-first heap   total 81920K, used 66137K [0x0000000080000000, 0x0000000100000000)
  region size 1024K, 30 young (30720K), 3 survivors (3072K)
 Metaspace       used 49643K, committed 51328K, reserved 487424K
  class space    used 7063K, committed 7936K, reserved 421888K
}
Event: 17.687 GC heap after
{Heap after GC invocations=16 (full 0):
 garbage-first heap   total 81920K, used 40272K [0x0000000080000000, 0x0000000100000000)
  region size 1024K, 4 young (4096K), 4 survivors (4096K)
 Metaspace       used 49643K, committed 51328K, reserved 487424K
  class space    used 7063K, committed 7936K, reserved 421888K
}
Event: 17.837 GC heap before
{Heap before GC invocations=16 (full 0):
 garbage-first heap   total 81920K, used 42320K [0x0000000080000000, 0x0000000100000000)
  region size 1024K, 7 young (7168K), 4 survivors (4096K)
 Metaspace       used 49701K, committed 51456K, reserved 487424K
  class space    used 7063K, committed 7936K, reserved 421888K
}
Event: 17.842 GC heap after
{Heap after GC invocations=17 (full 0):
 garbage-first heap   total 81920K, used 40627K [0x0000000080000000, 0x0000000100000000)
  region size 1024K, 3 young (3072K), 3 survivors (3072K)
 Metaspace       used 49701K, committed 51456K, reserved 487424K
  class space    used 7063K, committed 7936K, reserved 421888K
}
Event: 18.836 GC heap before
{Heap before GC invocations=18 (full 0):
 garbage-first heap   total 81920K, used 66227K [0x0000000080000000, 0x0000000100000000)
  region size 1024K, 25 young (25600K), 3 survivors (3072K)
 Metaspace       used 52108K, committed 53888K, reserved 487424K
  class space    used 7404K, committed 8320K, reserved 421888K
}
Event: 18.842 GC heap after
{Heap after GC invocations=19 (full 0):
 garbage-first heap   total 81920K, used 46308K [0x0000000080000000, 0x0000000100000000)
  region size 1024K, 4 young (4096K), 4 survivors (4096K)
 Metaspace       used 52108K, committed 53888K, reserved 487424K
  class space    used 7404K, committed 8320K, reserved 421888K
}
Event: 19.418 GC heap before
{Heap before GC invocations=20 (full 0):
 garbage-first heap   total 96256K, used 73956K [0x0000000080000000, 0x0000000100000000)
  region size 1024K, 23 young (23552K), 4 survivors (4096K)
 Metaspace       used 53730K, committed 55552K, reserved 487424K
  class space    used 7640K, committed 8576K, reserved 421888K
}
Event: 19.424 GC heap after
{Heap after GC invocations=21 (full 0):
 garbage-first heap   total 96256K, used 56292K [0x0000000080000000, 0x0000000100000000)
  region size 1024K, 2 young (2048K), 2 survivors (2048K)
 Metaspace       used 53730K, committed 55552K, reserved 487424K
  class space    used 7640K, committed 8576K, reserved 421888K
}
Event: 20.017 GC heap before
{Heap before GC invocations=21 (full 0):
 garbage-first heap   total 96256K, used 76772K [0x0000000080000000, 0x0000000100000000)
  region size 1024K, 22 young (22528K), 2 survivors (2048K)
 Metaspace       used 56257K, committed 58048K, reserved 487424K
  class space    used 7962K, committed 8896K, reserved 421888K
}
Event: 20.021 GC heap after
{Heap after GC invocations=22 (full 0):
 garbage-first heap   total 96256K, used 56842K [0x0000000080000000, 0x0000000100000000)
  region size 1024K, 3 young (3072K), 3 survivors (3072K)
 Metaspace       used 56257K, committed 58048K, reserved 487424K
  class space    used 7962K, committed 8896K, reserved 421888K
}
Event: 20.598 GC heap before
{Heap before GC invocations=23 (full 0):
 garbage-first heap   total 102400K, used 77322K [0x0000000080000000, 0x0000000100000000)
  region size 1024K, 23 young (23552K), 3 survivors (3072K)
 Metaspace       used 58095K, committed 59904K, reserved 487424K
  class space    used 8239K, committed 9152K, reserved 421888K
}
Event: 20.603 GC heap after
{Heap after GC invocations=24 (full 0):
 garbage-first heap   total 102400K, used 58139K [0x0000000080000000, 0x0000000100000000)
  region size 1024K, 3 young (3072K), 3 survivors (3072K)
 Metaspace       used 58095K, committed 59904K, reserved 487424K
  class space    used 8239K, committed 9152K, reserved 421888K
}

